<?xml version="1.0" encoding="UTF-8"?>
<coverage generated="1680173589196" clover="3.2.0">
  <project timestamp="1680173589197" name="All files">
    <metrics statements="12" coveredstatements="9" conditionals="0" coveredconditionals="0" methods="6" coveredmethods="3" elements="18" coveredelements="12" complexity="0" loc="12" ncloc="12" packages="1" files="3" classes="3"/>
    <file name="CloneArray.js" path="C:\Users\USER\Desktop\Backend Stuffs\Testing\CloneArray.js">
      <metrics statements="2" coveredstatements="2" conditionals="0" coveredconditionals="0" methods="1" coveredmethods="1"/>
      <line num="2" count="1" type="stmt"/>
      <line num="4" count="1" type="stmt"/>
    </file>
    <file name="Practice.js" path="C:\Users\USER\Desktop\Backend Stuffs\Testing\Practice.js">
      <metrics statements="8" coveredstatements="5" conditionals="0" coveredconditionals="0" methods="4" coveredmethods="1"/>
      <line num="3" count="0" type="stmt"/>
      <line num="7" count="0" type="stmt"/>
      <line num="11" count="0" type="stmt"/>
      <line num="15" count="1" type="stmt"/>
      <line num="17" count="1" type="stmt"/>
      <line num="18" count="1" type="stmt"/>
      <line num="19" count="1" type="stmt"/>
      <line num="20" count="1" type="stmt"/>
    </file>
    <file name="Sum.js" path="C:\Users\USER\Desktop\Backend Stuffs\Testing\Sum.js">
      <metrics statements="2" coveredstatements="2" conditionals="0" coveredconditionals="0" methods="1" coveredmethods="1"/>
      <line num="2" count="1" type="stmt"/>
      <line num="4" count="1" type="stmt"/>
    </file>
  </project>
</coverage>
